2019-08-24T15:49:48.712Z - info: [ui] [AppStore] loading 0 repositories from store
2019-08-24T15:49:48.785Z - info: [ui] [Welcome] no sign in step found. ignoring...
2019-08-24T15:49:48.791Z - info: [ui] [Welcome] no sign in step found. ignoring...
2019-08-24T15:49:48.794Z - info: [ui] [Welcome] no sign in step found. ignoring...
2019-08-24T15:49:48.797Z - info: [ui] [Welcome] no sign in step found. ignoring...
2019-08-24T15:49:48.801Z - info: [ui] [Welcome] no sign in step found. ignoring...
2019-08-24T15:49:49.997Z - info: [ui] [Welcome] no sign in step found. ignoring...
2019-08-24T15:49:50.039Z - info: [ui] Opt in reported.
2019-08-24T15:49:50.310Z - info: [ui] launching: 2.1.0-linux1 (Linux 5.0.21-rt16-MANJARO)
2019-08-24T15:49:50.314Z - info: [ui] execPath: '/opt/github-desktop/github-desktop'
2019-08-24T15:49:50.384Z - info: [ui] [Welcome] no sign in step found. ignoring...
2019-08-24T15:50:12.017Z - info: [ui] [Welcome] advancing to step: SignInToDotCom
2019-08-24T15:50:12.027Z - info: [ui] [Welcome] current sign in state not found. ignoring...
2019-08-24T15:50:32.499Z - info: [ui] [Welcome] kind Authentication is the same as Authentication. ignoring...
2019-08-24T15:50:34.200Z - info: [ui] [AppStore] adding account breathiness (breathiness) to store
2019-08-24T15:50:34.281Z - info: [ui] [Welcome] advancing to step: ConfigureGit
2019-08-24T15:50:35.355Z - info: [ui] [Welcome] no sign in step found. ignoring...
2019-08-24T15:50:35.931Z - info: [ui] [Welcome] no sign in step found. ignoring...
2019-08-24T15:51:18.181Z - info: [ui] [Welcome] no sign in step found. ignoring...
2019-08-24T15:51:18.277Z - info: [ui] [Welcome] no sign in step found. ignoring...
2019-08-24T15:51:18.727Z - info: [ui] [Welcome] no sign in step found. ignoring...
2019-08-24T15:51:40.155Z - info: [ui] [Welcome] advancing to step: UsageOptOut
2019-08-24T15:51:43.598Z - info: [ui] Opt in reported.
2019-08-24T15:51:56.914Z - info: [ui] [AppStore.getAccountForRemoteURL] account found for remote: https://github.com/breathiness/dotfiles.git - breathiness (has token)
2019-08-24T15:52:06.659Z - info: [ui] Executing clone: git -c credential.helper= -c protocol.version=2 clone --recursive --progress -- https://github.com/breathiness/dotfiles.git /home/breathiness/GitHub/dotfiles (took 9.009s)
2019-08-24T15:52:06.982Z - info: [ui] [AppStore] adding repository at /home/breathiness/GitHub/dotfiles to store
